2025-11-13 18:51:39,078 INFO    MainThread:19584 [wandb_setup.py:_flush():81] Current SDK version is 0.22.3
2025-11-13 18:51:39,078 INFO    MainThread:19584 [wandb_setup.py:_flush():81] Configure stats pid to 19584
2025-11-13 18:51:39,078 INFO    MainThread:19584 [wandb_setup.py:_flush():81] Loading settings from C:\Users\cutes\.config\wandb\settings
2025-11-13 18:51:39,078 INFO    MainThread:19584 [wandb_setup.py:_flush():81] Loading settings from E:\iaV2\wandb\settings
2025-11-13 18:51:39,078 INFO    MainThread:19584 [wandb_setup.py:_flush():81] Loading settings from environment variables
2025-11-13 18:51:39,080 INFO    MainThread:19584 [wandb_init.py:setup_run_log_directory():706] Logging user logs to E:\iaV2\wandb\run-20251113_185139-qwkk58u3\logs\debug.log
2025-11-13 18:51:39,080 INFO    MainThread:19584 [wandb_init.py:setup_run_log_directory():707] Logging internal logs to E:\iaV2\wandb\run-20251113_185139-qwkk58u3\logs\debug-internal.log
2025-11-13 18:51:39,080 INFO    MainThread:19584 [wandb_init.py:init():833] calling init triggers
2025-11-13 18:51:39,080 INFO    MainThread:19584 [wandb_init.py:init():838] wandb.init called with sweep_config: {}
config: {'n_proc': 48, 'min_inference_size': 36, 'timestep_limit': 1e+16, 'exp_buffer_size': 150000, 'ts_per_iteration': 50000, 'standardize_returns': True, 'standardize_obs': True, 'policy_layer_sizes': [512, 512, 256], 'critic_layer_sizes': [512, 512, 256], 'ppo_epochs': 2, 'ppo_batch_size': 50000, 'ppo_minibatch_size': 50000, 'ppo_ent_coef': 0.01, 'ppo_clip_range': 0.2, 'gae_lambda': 0.95, 'gae_gamma': 0.99, 'policy_lr': 0.0002, 'critic_lr': 0.0002, 'shm_buffer_size': 8192, '_wandb': {}}
2025-11-13 18:51:39,080 INFO    MainThread:19584 [wandb_init.py:init():881] starting backend
2025-11-13 18:51:41,334 INFO    MainThread:19584 [wandb_init.py:init():884] sending inform_init request
2025-11-13 18:51:41,346 INFO    MainThread:19584 [wandb_init.py:init():892] backend started and connected
2025-11-13 18:51:41,347 INFO    MainThread:19584 [wandb_init.py:init():962] updated telemetry
2025-11-13 18:51:41,383 INFO    MainThread:19584 [wandb_init.py:init():986] communicating run to backend with 90.0 second timeout
2025-11-13 18:51:42,081 INFO    MainThread:19584 [wandb_init.py:init():1028] run resumed
2025-11-13 18:51:42,083 INFO    MainThread:19584 [wandb_init.py:init():1033] starting run threads in backend
2025-11-13 18:51:42,160 INFO    MainThread:19584 [wandb_run.py:_console_start():2506] atexit reg
2025-11-13 18:51:42,160 INFO    MainThread:19584 [wandb_run.py:_redirect():2354] redirect: wrap_raw
2025-11-13 18:51:42,161 INFO    MainThread:19584 [wandb_run.py:_redirect():2423] Wrapping output streams.
2025-11-13 18:51:42,161 INFO    MainThread:19584 [wandb_run.py:_redirect():2446] Redirects installed.
2025-11-13 18:51:42,163 INFO    MainThread:19584 [wandb_init.py:init():1073] run started, returning control to user process
2025-11-13 19:04:10,062 ERROR   wandb-AsyncioManager-main:19584 [service_client.py:_forward_responses():77] Error reading server response.
Traceback (most recent call last):
  File "C:\Program Files\WindowsApps\PythonSoftwareFoundation.Python.3.11_3.11.2544.0_x64__qbz5n2kfra8p0\Lib\asyncio\windows_events.py", line 494, in finish_recv
    return ov.getresult()
           ^^^^^^^^^^^^^^
OSError: [WinError 64] The specified network name is no longer available

During handling of the above exception, another exception occurred:

Traceback (most recent call last):
  File "C:\Users\cutes\AppData\Local\Packages\PythonSoftwareFoundation.Python.3.11_qbz5n2kfra8p0\LocalCache\local-packages\Python311\site-packages\wandb\sdk\lib\service\service_client.py", line 73, in _forward_responses
    while response := await self._read_server_response():
                      ^^^^^^^^^^^^^^^^^^^^^^^^^^^^^^^^^^
  File "C:\Users\cutes\AppData\Local\Packages\PythonSoftwareFoundation.Python.3.11_qbz5n2kfra8p0\LocalCache\local-packages\Python311\site-packages\wandb\sdk\lib\service\service_client.py", line 87, in _read_server_response
    header = await self._reader.readexactly(_HEADER_BYTE_INT_LEN)
             ^^^^^^^^^^^^^^^^^^^^^^^^^^^^^^^^^^^^^^^^^^^^^^^^^^^^
  File "C:\Program Files\WindowsApps\PythonSoftwareFoundation.Python.3.11_3.11.2544.0_x64__qbz5n2kfra8p0\Lib\asyncio\streams.py", line 750, in readexactly
    await self._wait_for_data('readexactly')
  File "C:\Program Files\WindowsApps\PythonSoftwareFoundation.Python.3.11_3.11.2544.0_x64__qbz5n2kfra8p0\Lib\asyncio\streams.py", line 543, in _wait_for_data
    await self._waiter
  File "C:\Program Files\WindowsApps\PythonSoftwareFoundation.Python.3.11_3.11.2544.0_x64__qbz5n2kfra8p0\Lib\asyncio\proactor_events.py", line 286, in _loop_reading
    length = fut.result()
             ^^^^^^^^^^^^
  File "C:\Program Files\WindowsApps\PythonSoftwareFoundation.Python.3.11_3.11.2544.0_x64__qbz5n2kfra8p0\Lib\asyncio\windows_events.py", line 854, in _poll
    value = callback(transferred, key, ov)
            ^^^^^^^^^^^^^^^^^^^^^^^^^^^^^^
  File "C:\Program Files\WindowsApps\PythonSoftwareFoundation.Python.3.11_3.11.2544.0_x64__qbz5n2kfra8p0\Lib\asyncio\windows_events.py", line 498, in finish_recv
    raise ConnectionResetError(*exc.args)
ConnectionResetError: [WinError 64] The specified network name is no longer available
2025-11-13 19:04:10,067 INFO    wandb-AsyncioManager-main:19584 [mailbox.py:close():137] Closing mailbox, abandoning 1 handles.
